c:\users\oleg\google диск\projects\mlita_leti\mlita_leti\debug\vc120.pdb
c:\users\oleg\google диск\projects\mlita_leti\mlita_leti\debug\.netframework,version=v4.5.assemblyattributes.obj
c:\users\oleg\google диск\projects\mlita_leti\mlita_leti\debug\mlita_leti.pch
c:\users\oleg\google диск\projects\mlita_leti\mlita_leti\debug\stdafx.obj
c:\users\oleg\google диск\projects\mlita_leti\mlita_leti\debug\template.obj
c:\users\oleg\google диск\projects\mlita_leti\mlita_leti\debug\semantics.obj
c:\users\oleg\google диск\projects\mlita_leti\mlita_leti\debug\assemblyinfo.obj
c:\users\oleg\google диск\projects\mlita_leti\debug\mlita_leti.exe
c:\users\oleg\google диск\projects\mlita_leti\debug\mlita_leti.pdb
c:\users\oleg\google диск\projects\mlita_leti\mlita_leti\debug\mlita_leti.form1.resources
c:\users\oleg\google диск\projects\mlita_leti\mlita_leti\debug\app.res
c:\users\oleg\google диск\projects\mlita_leti\mlita_leti\debug\mlita_leti.vcxproj.generateresource.cache
c:\users\oleg\google диск\projects\mlita_leti\mlita_leti\debug\mlita_leti.vcxprojresolveassemblyreference (1).cache
c:\users\oleg\google диск\projects\mlita_leti\mlita_leti\debug\mlita_leti.vcxprojresolveassemblyreference.cache
c:\users\oleg\google диск\projects\mlita_leti\mlita_leti\debug\mlita_leti.tlog\cl.command.1.tlog
c:\users\oleg\google диск\projects\mlita_leti\mlita_leti\debug\mlita_leti.tlog\cl.read.1.tlog
c:\users\oleg\google диск\projects\mlita_leti\mlita_leti\debug\mlita_leti.tlog\cl.write.1.tlog
c:\users\oleg\google диск\projects\mlita_leti\mlita_leti\debug\mlita_leti.tlog\link.command.1.tlog
c:\users\oleg\google диск\projects\mlita_leti\mlita_leti\debug\mlita_leti.tlog\link.read.1.tlog
c:\users\oleg\google диск\projects\mlita_leti\mlita_leti\debug\mlita_leti.tlog\link.write.1.tlog
c:\users\oleg\google диск\projects\mlita_leti\mlita_leti\debug\mlita_leti.tlog\metagen.read.1.tlog
c:\users\oleg\google диск\projects\mlita_leti\mlita_leti\debug\mlita_leti.tlog\metagen.write.1.tlog
c:\users\oleg\google диск\projects\mlita_leti\mlita_leti\debug\mlita_leti.tlog\mlita_leti.write.1u.tlog
c:\users\oleg\google диск\projects\mlita_leti\mlita_leti\debug\mlita_leti.tlog\rc.command.1.tlog
c:\users\oleg\google диск\projects\mlita_leti\mlita_leti\debug\mlita_leti.tlog\rc.read.1.tlog
c:\users\oleg\google диск\projects\mlita_leti\mlita_leti\debug\mlita_leti.tlog\rc.write.1.tlog
c:\users\oleg\google диск\projects\mlita_leti\mlita_leti\debug\mlita_leti.tlog\tzres.dll.bi
